1621003940767	geckodriver	INFO	Listening on 127.0.0.1:4382
1621003943681	mozrunner::runner	INFO	Running command: "C:\\Program Files\\Mozilla Firefox\\firefox.exe" "--marionette" "-foreground" "-no-remote" "-profile" "C:\\Users\\mohitka\\AppData\\Local\\Temp\\rust_mozprofileVleqS8"
1621003944933	Marionette	INFO	Marionette enabled
console.warn: SearchSettings: "get: No settings file exists, new profile?" (new Error("", "(unknown module)"))
1621003949210	Marionette	INFO	Listening on port 4390
1621003949556	Marionette	WARN	TLS certificate errors will be ignored for this session
console.error: Region.jsm: "Error fetching region" (new Error("TIMEOUT", "resource://gre/modules/Region.jsm", 772))
console.error: Region.jsm: "Failed to fetch region" (new Error("TIMEOUT", "resource://gre/modules/Region.jsm", 419))
1621003962689	Marionette	INFO	Stopped listening on port 4390

###!!! [Child][RunMessage] Error: Channel closing: too late to send/recv, messages will be lost

1621004006889	geckodriver	INFO	Listening on 127.0.0.1:4474
1621004009978	mozrunner::runner	INFO	Running command: "C:\\Program Files\\Mozilla Firefox\\firefox.exe" "--marionette" "-foreground" "-no-remote" "-profile" "C:\\Users\\mohitka\\AppData\\Local\\Temp\\rust_mozprofileJQIjtl"
1621004011266	Marionette	INFO	Marionette enabled
console.warn: SearchSettings: "get: No settings file exists, new profile?" (new Error("", "(unknown module)"))
1621004014833	Marionette	INFO	Listening on port 4483
1621004015371	Marionette	WARN	TLS certificate errors will be ignored for this session
console.error: Region.jsm: "Error fetching region" (new Error("TIMEOUT", "resource://gre/modules/Region.jsm", 772))
console.error: Region.jsm: "Failed to fetch region" (new Error("TIMEOUT", "resource://gre/modules/Region.jsm", 419))
JavaScript error: , line 0: NS_ERROR_NOT_AVAILABLE
1621224101449	Marionette	INFO	Stopped listening on port 4483
1224064275	mozrunner::runner	INFO	Running command: "C:\\Program Files\\Mozilla Firefox\\firefox.exe" "--marionette" "-foreground" "-no-remote" "-profile" "C:\\Users\\mohitka\\AppData\\Local\\Temp\\rust_mozprofileNmViA9"
1621224065056	Marionette	INFO	Marionette enabled
console.warn: SearchSettings: "get: No settings file exists, new profile?" (new Error("", "(unknown module)"))
1621224067339	Marionette	INFO	Listening on port 2983
1621224067415	Marionette	WARN	TLS certificate errors will be ignored for this session
console.error: Region.jsm: "Error fetching region" (new Error("TIMEOUT", "resource://gre/modules/Region.jsm", 772))
console.error: Region.jsm: "Failed to fetch region" (new Error("TIMEOUT", "resource://gre/modules/Region.jsm", 419))
1621224081969	Marionette	INFO	Stopped listening on port 2983
